Log file open, 09/03/19 23:24:47
LogWindows: Failed to load 'aqProf.dll' (GetLastError=126)
LogWindows: File 'aqProf.dll' does not exist
LogWindows: Failed to load 'VtuneApi.dll' (GetLastError=126)
LogWindows: File 'VtuneApi.dll' does not exist
LogWindows: Failed to load 'VtuneApi32e.dll' (GetLastError=126)
LogWindows: File 'VtuneApi32e.dll' does not exist
LogConsoleResponse: Display: Failed to find resolution value strings in scalability ini. Falling back to default.
LogInit: Display: Running engine for game: ANT
LogPakFile: Registered encryption key '00000000000000000000000000000000': 0 pak files mounted, 0 remain pending
LogPlatformFile: Not using cached read wrapper
LogTaskGraph: Started task graph with 5 named threads and 11 total threads with 3 sets of task threads.
LogStats: Stats thread started at 0.582105
LogD3D11RHI: Loaded GFSDK_Aftermath_Lib.x64.dll
LogICUInternationalization: ICU TimeZone Detection - Raw Offset: +9:00, Platform Override: ''
LogPluginManager: Mounting plugin Paper2D
LogPluginManager: Mounting plugin AISupport
LogPluginManager: Mounting plugin LightPropagationVolume
LogPluginManager: Mounting plugin ActorLayerUtilities
LogPluginManager: Mounting plugin AnimationSharing
LogPluginManager: Mounting plugin CLionSourceCodeAccess
LogPluginManager: Mounting plugin CodeLiteSourceCodeAccess
LogPluginManager: Mounting plugin GitSourceControl
LogPluginManager: Mounting plugin KDevelopSourceCodeAccess
LogPluginManager: Mounting plugin NullSourceCodeAccess
LogPluginManager: Mounting plugin PerforceSourceControl
LogPluginManager: Mounting plugin SubversionSourceControl
LogPluginManager: Mounting plugin UObjectPlugin
LogPluginManager: Mounting plugin VisualStudioCodeSourceCodeAccess
LogPluginManager: Mounting plugin VisualStudioSourceCodeAccess
LogPluginManager: Mounting plugin XCodeSourceCodeAccess
LogPluginManager: Mounting plugin AssetManagerEditor
LogPluginManager: Mounting plugin CryptoKeys
LogPluginManager: Mounting plugin DataValidation
LogPluginManager: Mounting plugin FacialAnimation
LogPluginManager: Mounting plugin GameplayTagsEditor
LogPluginManager: Mounting plugin MacGraphicsSwitching
LogPluginManager: Mounting plugin MaterialAnalyzer
LogPluginManager: Mounting plugin MobileLauncherProfileWizard
LogPluginManager: Mounting plugin PluginBrowser
LogPluginManager: Mounting plugin SpeedTreeImporter
LogPluginManager: Mounting plugin DatasmithContent
LogPluginManager: Mounting plugin VariantManagerContent
LogPluginManager: Mounting plugin AlembicImporter
LogPluginManager: Mounting plugin AppleImageUtils
LogPluginManager: Mounting plugin AppleVision
LogPluginManager: Mounting plugin BackChannel
LogPluginManager: Mounting plugin CharacterAI
LogPluginManager: Mounting plugin GeometryCache
LogPluginManager: Mounting plugin HTML5Networking
LogPluginManager: Mounting plugin ProxyLODPlugin
LogPluginManager: Mounting plugin SkeletalReduction
LogPluginManager: Mounting plugin MagicLeap
LogPluginManager: Mounting plugin MagicLeapMedia
LogPluginManager: Mounting plugin AndroidMedia
LogPluginManager: Mounting plugin AvfMedia
LogPluginManager: Mounting plugin ImgMedia
LogPluginManager: Mounting plugin LinearTimecode
LogPluginManager: Mounting plugin MediaCompositing
LogPluginManager: Mounting plugin MediaPlayerEditor
LogPluginManager: Mounting plugin WebMMedia
LogPluginManager: Mounting plugin WmfMedia
LogPluginManager: Mounting plugin TcpMessaging
LogPluginManager: Mounting plugin UdpMessaging
LogPluginManager: Mounting plugin ActorSequence
LogPluginManager: Mounting plugin LevelSequenceEditor
LogPluginManager: Mounting plugin MatineeToLevelSequence
LogPluginManager: Mounting plugin NetcodeUnitTest
LogPluginManager: Mounting plugin NUTUnrealEngine4
LogPluginManager: Mounting plugin OnlineSubsystemGooglePlay
LogPluginManager: Mounting plugin OnlineSubsystemIOS
LogPluginManager: Mounting plugin OnlineSubsystem
LogPluginManager: Mounting plugin OnlineSubsystemNull
LogPluginManager: Mounting plugin OnlineSubsystemUtils
LogPluginManager: Mounting plugin LauncherChunkInstaller
LogPluginManager: Mounting plugin AndroidDeviceProfileSelector
LogPluginManager: Mounting plugin AndroidMoviePlayer
LogPluginManager: Mounting plugin AndroidPermission
LogPluginManager: Mounting plugin AppleMoviePlayer
LogPluginManager: Mounting plugin ArchVisCharacter
LogPluginManager: Mounting plugin AudioCapture
LogPluginManager: Mounting plugin CableComponent
LogPluginManager: Mounting plugin CustomMeshComponent
LogPluginManager: Mounting plugin EditableMesh
LogPluginManager: Mounting plugin ExampleDeviceProfileSelector
LogPluginManager: Mounting plugin Firebase
LogPluginManager: Mounting plugin GoogleCloudMessaging
LogPluginManager: Mounting plugin IOSDeviceProfileSelector
LogPluginManager: Mounting plugin LinuxDeviceProfileSelector
LogPluginManager: Mounting plugin LocationServicesBPLibrary
LogPluginManager: Mounting plugin MobilePatchingUtils
LogPluginManager: Mounting plugin OculusVR
LogPluginManager: Mounting plugin PhysXVehicles
LogPluginManager: Mounting plugin ProceduralMeshComponent
LogPluginManager: Mounting plugin RuntimePhysXCooking
LogPluginManager: Mounting plugin SignificanceManager
LogPluginManager: Mounting plugin SteamVR
LogPluginManager: Mounting plugin WebMMoviePlayer
LogPluginManager: Mounting plugin WindowsMoviePlayer
LogInit: Using libcurl 7.55.1-DEV
LogInit:  - built for x86_64-pc-win32
LogInit:  - supports SSL with OpenSSL/1.1.1
LogInit:  - supports HTTP deflate (compression) using libz 1.2.8
LogInit:  - other features:
LogInit:      CURL_VERSION_SSL
LogInit:      CURL_VERSION_LIBZ
LogInit:      CURL_VERSION_IPV6
LogInit:      CURL_VERSION_ASYNCHDNS
LogInit:      CURL_VERSION_LARGEFILE
LogInit:      CURL_VERSION_IDN
LogInit:  CurlRequestOptions (configurable via config and command line):
LogInit:  - bVerifyPeer = true  - Libcurl will verify peer certificate
LogInit:  - bUseHttpProxy = false  - Libcurl will NOT use HTTP proxy
LogInit:  - bDontReuseConnections = false  - Libcurl will reuse connections
LogInit:  - MaxHostConnections = 16  - Libcurl will limit the number of connections to a host
LogInit:  - LocalHostAddr = Default
LogInit:  - BufferSize = 65536
LogInit: WinSock: version 1.1 (2.2), MaxSocks=32767, MaxUdp=65467
LogInit: Build: ++UE4+Release-4.22-CL-7053642
LogInit: Engine Version: 4.22.3-7053642+++UE4+Release-4.22
LogInit: Compatible Engine Version: 4.22.0-5660361+++UE4+Release-4.22
LogInit: Net CL: 5660361
LogInit: OS: Windows 10 (Release 1809) (), CPU: Intel(R) Core(TM) i7-6500U CPU @ 2.50GHz, GPU: Intel(R) HD Graphics 520
LogInit: Compiled (64-bit): Jun 18 2019 03:09:11
LogInit: Compiled with Visual C++: 19.16.27025.01
LogInit: Build Configuration: Development
LogInit: Branch Name: ++UE4+Release-4.22
LogInit: Command Line:  -EpicPortal -epicusername=CURUMC -epicuserid=22a5a264262946e184f363cea0519102 -epiclocale=ko-KR
LogInit: Base Directory: C:/Program Files/Epic Games/UE_4.22/Engine/Binaries/Win64/
LogInit: Installed Engine Build: 1
LogDevObjectVersion: Number of dev versions registered: 23
LogDevObjectVersion:   Dev-Blueprints (B0D832E4-1F89-4F0D-ACCF-7EB736FD4AA2): 10
LogDevObjectVersion:   Dev-Build (E1C64328-A22C-4D53-A36C-8E866417BD8C): 0
LogDevObjectVersion:   Dev-Core (375EC13C-06E4-48FB-B500-84F0262A717E): 3
LogDevObjectVersion:   Dev-Editor (E4B068ED-F494-42E9-A231-DA0B2E46BB41): 30
LogDevObjectVersion:   Dev-Framework (CFFC743F-43B0-4480-9391-14DF171D2073): 35
LogDevObjectVersion:   Dev-Mobile (B02B49B5-BB20-44E9-A304-32B752E40360): 2
LogDevObjectVersion:   Dev-Networking (A4E4105C-59A1-49B5-A7C5-40C4547EDFEE): 0
LogDevObjectVersion:   Dev-Online (39C831C9-5AE6-47DC-9A44-9C173E1C8E7C): 0
LogDevObjectVersion:   Dev-Physics (78F01B33-EBEA-4F98-B9B4-84EACCB95AA2): 0
LogDevObjectVersion:   Dev-Platform (6631380F-2D4D-43E0-8009-CF276956A95A): 0
LogDevObjectVersion:   Dev-Rendering (12F88B9F-8875-4AFC-A67C-D90C383ABD29): 28
LogDevObjectVersion:   Dev-Sequencer (7B5AE74C-D270-4C10-A958-57980B212A5A): 11
LogDevObjectVersion:   Dev-VR (D7296918-1DD6-4BDD-9DE2-64A83CC13884): 2
LogDevObjectVersion:   Dev-LoadTimes (C2A15278-BFE7-4AFE-6C17-90FF531DF755): 1
LogDevObjectVersion:   Private-Geometry (6EACA3D4-40EC-4CC1-B786-8BED09428FC5): 3
LogDevObjectVersion:   Dev-AnimPhys (29E575DD-E0A3-4627-9D10-D276232CDCEA): 17
LogDevObjectVersion:   Dev-Anim (AF43A65D-7FD3-4947-9873-3E8ED9C1BB05): 2
LogDevObjectVersion:   Dev-ReflectionCapture (6B266CEC-1EC7-4B8F-A30B-E4D90942FC07): 1
LogDevObjectVersion:   Dev-Automation (0DF73D61-A23F-47EA-B727-89E90C41499A): 1
LogDevObjectVersion:   FortniteMain (601D1886-AC64-4F84-AA16-D3DE0DEAC7D6): 25
LogDevObjectVersion:   Dev-Enterprise (9DFFBCD6-494F-0158-E221-12823C92A888): 6
LogDevObjectVersion:   Dev-Niagara (F2AED0AC-9AFE-416F-8664-AA7FFA26D6FC): 1
LogDevObjectVersion:   Dev-Destruction (174F1F0B-B4C6-45A5-B13F-2EE8D0FB917D): 2
LogInit: Presizing for max 16777216 objects, including 0 objects not considered by GC, pre-allocating 0 bytes for permanent pool.
LogInit: Object subsystem initialized
LogConfig: Setting CVar [[con.DebugEarlyDefault:1]]
LogConfig: Setting CVar [[r.setres:1280x720]]
[2019.09.03-14.24.48:919][  0]LogConfig: Setting CVar [[r.VSync:0]]
[2019.09.03-14.24.48:919][  0]LogConfig: Setting CVar [[r.RHICmdBypass:0]]
[2019.09.03-14.24.48:919][  0]LogConfig: Applying CVar settings from Section [/Script/Engine.RendererSettings] File [D:/ant/ANT/project/ANT/Saved/Config/Windows/Engine.ini]
[2019.09.03-14.24.48:919][  0]LogConfig: Setting CVar [[r.GPUCrashDebugging:0]]
[2019.09.03-14.24.48:919][  0]LogConfig: Applying CVar settings from Section [/Script/Engine.RendererOverrideSettings] File [D:/ant/ANT/project/ANT/Saved/Config/Windows/Engine.ini]
[2019.09.03-14.24.48:919][  0]LogConfig: Applying CVar settings from Section [/Script/Engine.StreamingSettings] File [D:/ant/ANT/project/ANT/Saved/Config/Windows/Engine.ini]
[2019.09.03-14.24.48:919][  0]LogConfig: Setting CVar [[s.MinBulkDataSizeForAsyncLoading:131072]]
[2019.09.03-14.24.48:920][  0]LogConfig: Setting CVar [[s.AsyncLoadingThreadEnabled:0]]
[2019.09.03-14.24.48:920][  0]LogConfig: Setting CVar [[s.EventDrivenLoaderEnabled:1]]
[2019.09.03-14.24.48:921][  0]LogConfig: Setting CVar [[s.WarnIfTimeLimitExceeded:0]]
[2019.09.03-14.24.48:921][  0]LogConfig: Setting CVar [[s.TimeLimitExceededMultiplier:1.5]]
[2019.09.03-14.24.48:921][  0]LogConfig: Setting CVar [[s.TimeLimitExceededMinTime:0.005]]
[2019.09.03-14.24.48:921][  0]LogConfig: Setting CVar [[s.UseBackgroundLevelStreaming:1]]
[2019.09.03-14.24.48:921][  0]LogConfig: Setting CVar [[s.PriorityAsyncLoadingExtraTime:15.0]]
[2019.09.03-14.24.48:921][  0]LogConfig: Setting CVar [[s.LevelStreamingActorsUpdateTimeLimit:5.0]]
[2019.09.03-14.24.48:921][  0]LogConfig: Setting CVar [[s.PriorityLevelStreamingActorsUpdateExtraTime:5.0]]
[2019.09.03-14.24.48:921][  0]LogConfig: Setting CVar [[s.LevelStreamingComponentsRegistrationGranularity:10]]
[2019.09.03-14.24.48:921][  0]LogConfig: Setting CVar [[s.UnregisterComponentsTimeLimit:1.0]]
[2019.09.03-14.24.48:921][  0]LogConfig: Setting CVar [[s.LevelStreamingComponentsUnregistrationGranularity:5]]
[2019.09.03-14.24.48:921][  0]LogConfig: Applying CVar settings from Section [/Script/Engine.GarbageCollectionSettings] File [D:/ant/ANT/project/ANT/Saved/Config/Windows/Engine.ini]
[2019.09.03-14.24.48:921][  0]LogConfig: Setting CVar [[gc.MaxObjectsNotConsideredByGC:1]]
[2019.09.03-14.24.48:921][  0]LogConfig: Setting CVar [[gc.SizeOfPermanentObjectPool:0]]
[2019.09.03-14.24.48:921][  0]LogConfig: Setting CVar [[gc.FlushStreamingOnGC:0]]
[2019.09.03-14.24.48:921][  0]LogConfig: Setting CVar [[gc.NumRetriesBeforeForcingGC:10]]
[2019.09.03-14.24.48:921][  0]LogConfig: Setting CVar [[gc.AllowParallelGC:1]]
[2019.09.03-14.24.48:921][  0]LogConfig: Setting CVar [[gc.TimeBetweenPurgingPendingKillObjects:61.1]]
[2019.09.03-14.24.48:921][  0]LogConfig: Setting CVar [[gc.MaxObjectsInEditor:16777216]]
[2019.09.03-14.24.48:921][  0]LogConfig: Setting CVar [[gc.IncrementalBeginDestroyEnabled:1]]
[2019.09.03-14.24.48:921][  0]LogConfig: Setting CVar [[gc.CreateGCClusters:1]]
[2019.09.03-14.24.48:921][  0]LogConfig: Setting CVar [[gc.MinGCClusterSize:5]]
[2019.09.03-14.24.48:921][  0]LogConfig: Setting CVar [[gc.ActorClusteringEnabled:0]]
[2019.09.03-14.24.48:921][  0]LogConfig: Setting CVar [[gc.BlueprintClusteringEnabled:0]]
[2019.09.03-14.24.48:922][  0]LogConfig: Setting CVar [[gc.UseDisregardForGCOnDedicatedServers:0]]
[2019.09.03-14.24.48:922][  0]LogConfig: Applying CVar settings from Section [/Script/Engine.NetworkSettings] File [D:/ant/ANT/project/ANT/Saved/Config/Windows/Engine.ini]
[2019.09.03-14.24.48:922][  0]LogConfig: Applying CVar settings from Section [/Script/UnrealEd.CookerSettings] File [D:/ant/ANT/project/ANT/Saved/Config/Windows/Engine.ini]
[2019.09.03-14.24.48:935][  0]LogConfig: Applying CVar settings from Section [ViewDistanceQuality@3] File [D:/ant/ANT/project/ANT/Saved/Config/Windows/Scalability.ini]
[2019.09.03-14.24.48:935][  0]LogConfig: Setting CVar [[r.SkeletalMeshLODBias:0]]
[2019.09.03-14.24.48:935][  0]LogConfig: Setting CVar [[r.ViewDistanceScale:1.0]]
[2019.09.03-14.24.48:935][  0]LogConfig: Applying CVar settings from Section [AntiAliasingQuality@3] File [D:/ant/ANT/project/ANT/Saved/Config/Windows/Scalability.ini]
[2019.09.03-14.24.48:935][  0]LogConfig: Setting CVar [[r.PostProcessAAQuality:4]]
[2019.09.03-14.24.48:935][  0]LogConfig: Applying CVar settings from Section [ShadowQuality@3] File [D:/ant/ANT/project/ANT/Saved/Config/Windows/Scalability.ini]
[2019.09.03-14.24.48:935][  0]LogConfig: Setting CVar [[r.LightFunctionQuality:1]]
[2019.09.03-14.24.48:935][  0]LogConfig: Setting CVar [[r.ShadowQuality:5]]
[2019.09.03-14.24.48:935][  0]LogConfig: Setting CVar [[r.Shadow.CSM.MaxCascades:10]]
[2019.09.03-14.24.48:935][  0]LogConfig: Setting CVar [[r.Shadow.MaxResolution:2048]]
[2019.09.03-14.24.48:935][  0]LogConfig: Setting CVar [[r.Shadow.MaxCSMResolution:2048]]
[2019.09.03-14.24.48:935][  0]LogConfig: Setting CVar [[r.Shadow.RadiusThreshold:0.01]]
[2019.09.03-14.24.48:935][  0]LogConfig: Setting CVar [[r.Shadow.DistanceScale:1.0]]
[2019.09.03-14.24.48:936][  0]LogConfig: Setting CVar [[r.Shadow.CSM.TransitionScale:1.0]]
[2019.09.03-14.24.48:936][  0]LogConfig: Setting CVar [[r.Shadow.PreShadowResolutionFactor:1.0]]
[2019.09.03-14.24.48:936][  0]LogConfig: Setting CVar [[r.DistanceFieldShadowing:1]]
[2019.09.03-14.24.48:936][  0]LogConfig: Setting CVar [[r.DistanceFieldAO:1]]
[2019.09.03-14.24.48:936][  0]LogConfig: Setting CVar [[r.AOQuality:2]]
[2019.09.03-14.24.48:936][  0]LogConfig: Setting CVar [[r.VolumetricFog:1]]
[2019.09.03-14.24.48:936][  0]LogConfig: Setting CVar [[r.VolumetricFog.GridPixelSize:8]]
[2019.09.03-14.24.48:936][  0]LogConfig: Setting CVar [[r.VolumetricFog.GridSizeZ:128]]
[2019.09.03-14.24.48:936][  0]LogConfig: Setting CVar [[r.VolumetricFog.HistoryMissSupersampleCount:4]]
[2019.09.03-14.24.48:936][  0]LogConfig: Setting CVar [[r.LightMaxDrawDistanceScale:1]]
[2019.09.03-14.24.48:936][  0]LogConfig: Setting CVar [[r.CapsuleShadows:1]]
[2019.09.03-14.24.48:936][  0]LogConfig: Applying CVar settings from Section [PostProcessQuality@3] File [D:/ant/ANT/project/ANT/Saved/Config/Windows/Scalability.ini]
[2019.09.03-14.24.48:936][  0]LogConfig: Setting CVar [[r.MotionBlurQuality:4]]
[2019.09.03-14.24.48:936][  0]LogConfig: Setting CVar [[r.AmbientOcclusionMipLevelFactor:0.4]]
[2019.09.03-14.24.48:936][  0]LogConfig: Setting CVar [[r.AmbientOcclusionMaxQuality:100]]
[2019.09.03-14.24.48:936][  0]LogConfig: Setting CVar [[r.AmbientOcclusionLevels:-1]]
[2019.09.03-14.24.48:936][  0]LogConfig: Setting CVar [[r.AmbientOcclusionRadiusScale:1.0]]
[2019.09.03-14.24.48:936][  0]LogConfig: Setting CVar [[r.DepthOfFieldQuality:2]]
[2019.09.03-14.24.48:936][  0]LogConfig: Setting CVar [[r.RenderTargetPoolMin:400]]
[2019.09.03-14.24.48:936][  0]LogConfig: Setting CVar [[r.LensFlareQuality:2]]
[2019.09.03-14.24.48:936][  0]LogConfig: Setting CVar [[r.SceneColorFringeQuality:1]]
[2019.09.03-14.24.48:936][  0]LogConfig: Setting CVar [[r.EyeAdaptationQuality:2]]
[2019.09.03-14.24.48:936][  0]LogConfig: Setting CVar [[r.BloomQuality:5]]
[2019.09.03-14.24.48:936][  0]LogConfig: Setting CVar [[r.FastBlurThreshold:100]]
[2019.09.03-14.24.48:936][  0]LogConfig: Setting CVar [[r.Upscale.Quality:3]]
[2019.09.03-14.24.48:937][  0]LogConfig: Setting CVar [[r.Tonemapper.GrainQuantization:1]]
[2019.09.03-14.24.48:937][  0]LogConfig: Setting CVar [[r.LightShaftQuality:1]]
[2019.09.03-14.24.48:937][  0]LogConfig: Setting CVar [[r.Filter.SizeScale:1]]
[2019.09.03-14.24.48:937][  0]LogConfig: Setting CVar [[r.Tonemapper.Quality:5]]
[2019.09.03-14.24.48:937][  0]LogConfig: Setting CVar [[r.DOF.Gather.AccumulatorQuality:1        ; higher gathering accumulator quality]]
[2019.09.03-14.24.48:937][  0]LogConfig: Setting CVar [[r.DOF.Gather.PostfilterMethod:1          ; Median3x3 postfilering method]]
[2019.09.03-14.24.48:937][  0]LogConfig: Setting CVar [[r.DOF.Gather.EnableBokehSettings:0       ; no bokeh simulation when gathering]]
[2019.09.03-14.24.48:937][  0]LogConfig: Setting CVar [[r.DOF.Gather.RingCount:4                 ; medium number of samples when gathering]]
[2019.09.03-14.24.48:937][  0]LogConfig: Setting CVar [[r.DOF.Scatter.ForegroundCompositing:1    ; additive foreground scattering]]
[2019.09.03-14.24.48:937][  0]LogConfig: Setting CVar [[r.DOF.Scatter.BackgroundCompositing:2    ; additive background scattering]]
[2019.09.03-14.24.48:937][  0]LogConfig: Setting CVar [[r.DOF.Scatter.EnableBokehSettings:1      ; bokeh simulation when scattering]]
[2019.09.03-14.24.48:937][  0]LogConfig: Setting CVar [[r.DOF.Scatter.MaxSpriteRatio:0.1         ; only a maximum of 10% of scattered bokeh]]
[2019.09.03-14.24.48:937][  0]LogConfig: Setting CVar [[r.DOF.Recombine.Quality:1                ; cheap slight out of focus]]
[2019.09.03-14.24.48:937][  0]LogConfig: Setting CVar [[r.DOF.Recombine.EnableBokehSettings:0    ; no bokeh simulation on slight out of focus]]
[2019.09.03-14.24.48:937][  0]LogConfig: Setting CVar [[r.DOF.TemporalAAQuality:1                ; more stable temporal accumulation]]
[2019.09.03-14.24.48:937][  0]LogConfig: Setting CVar [[r.DOF.Kernel.MaxForegroundRadius:0.025]]
[2019.09.03-14.24.48:937][  0]LogConfig: Setting CVar [[r.DOF.Kernel.MaxBackgroundRadius:0.025]]
[2019.09.03-14.24.48:937][  0]LogConfig: Applying CVar settings from Section [TextureQuality@3] File [D:/ant/ANT/project/ANT/Saved/Config/Windows/Scalability.ini]
[2019.09.03-14.24.48:937][  0]LogConfig: Setting CVar [[r.Streaming.MipBias:0]]
[2019.09.03-14.24.48:937][  0]LogConfig: Setting CVar [[r.Streaming.AmortizeCPUToGPUCopy:0]]
[2019.09.03-14.24.48:937][  0]LogConfig: Setting CVar [[r.Streaming.MaxNumTexturesToStreamPerFrame:0]]
[2019.09.03-14.24.48:937][  0]LogConfig: Setting CVar [[r.Streaming.Boost:1]]
[2019.09.03-14.24.48:937][  0]LogConfig: Setting CVar [[r.MaxAnisotropy:8]]
[2019.09.03-14.24.48:937][  0]LogConfig: Setting CVar [[r.Streaming.LimitPoolSizeToVRAM:0]]
[2019.09.03-14.24.48:937][  0]LogConfig: Setting CVar [[r.Streaming.PoolSize:1000]]
[2019.09.03-14.24.48:938][  0]LogConfig: Setting CVar [[r.Streaming.MaxEffectiveScreenSize:0]]
[2019.09.03-14.24.48:938][  0]LogConfig: Applying CVar settings from Section [EffectsQuality@3] File [D:/ant/ANT/project/ANT/Saved/Config/Windows/Scalability.ini]
[2019.09.03-14.24.48:938][  0]LogConfig: Setting CVar [[r.TranslucencyLightingVolumeDim:64]]
[2019.09.03-14.24.48:938][  0]LogConfig: Setting CVar [[r.RefractionQuality:2]]
[2019.09.03-14.24.48:938][  0]LogConfig: Setting CVar [[r.SSR.Quality:3]]
[2019.09.03-14.24.48:938][  0]LogConfig: Setting CVar [[r.SceneColorFormat:4]]
[2019.09.03-14.24.48:938][  0]LogConfig: Setting CVar [[r.DetailMode:2]]
[2019.09.03-14.24.48:938][  0]LogConfig: Setting CVar [[r.TranslucencyVolumeBlur:1]]
[2019.09.03-14.24.48:938][  0]LogConfig: Setting CVar [[r.MaterialQualityLevel:1 ; High quality]]
[2019.09.03-14.24.48:938][  0]LogConfig: Setting CVar [[r.SSS.Scale:1]]
[2019.09.03-14.24.48:938][  0]LogConfig: Setting CVar [[r.SSS.SampleSet:2]]
[2019.09.03-14.24.48:938][  0]LogConfig: Setting CVar [[r.SSS.Quality:1]]
[2019.09.03-14.24.48:938][  0]LogConfig: Setting CVar [[r.SSS.HalfRes:1]]
[2019.09.03-14.24.48:938][  0]LogConfig: Setting CVar [[r.EmitterSpawnRateScale:1.0]]
[2019.09.03-14.24.48:939][  0]LogConfig: Setting CVar [[r.ParticleLightQuality:2]]
[2019.09.03-14.24.48:939][  0]LogConfig: Applying CVar settings from Section [FoliageQuality@3] File [D:/ant/ANT/project/ANT/Saved/Config/Windows/Scalability.ini]
[2019.09.03-14.24.48:939][  0]LogConfig: Setting CVar [[foliage.DensityScale:1.0]]
[2019.09.03-14.24.48:939][  0]LogConfig: Setting CVar [[grass.DensityScale:1.0]]
[2019.09.03-14.24.48:940][  0]LogInit: Selected Device Profile: [Windows]
[2019.09.03-14.24.48:940][  0]LogInit: Applying CVar settings loaded from the selected device profile: [Windows]
[2019.09.03-14.24.49:005][  0]LogHAL: Display: Platform has ~ 8 GB [8503840768 / 8589934592 / 8], which maps to Default [LargestMinGB=32, LargerMinGB=12, DefaultMinGB=8, SmallerMinGB=6, SmallestMinGB=0)
[2019.09.03-14.24.49:005][  0]LogConfig: Setting CVar [[r.Vulkan.UseRealUBs:0		; Required until we fix HLR fall-out]]
[2019.09.03-14.24.49:005][  0]LogInit: Going up to parent DeviceProfile []
[2019.09.03-14.24.49:005][  0]LogConfig: Applying CVar settings from Section [ViewDistanceQuality@3] File [D:/ant/ANT/project/ANT/Saved/Config/Windows/Scalability.ini]
[2019.09.03-14.24.49:005][  0]LogConfig: Setting CVar [[r.SkeletalMeshLODBias:0]]
[2019.09.03-14.24.49:005][  0]LogConfig: Setting CVar [[r.ViewDistanceScale:1.0]]
[2019.09.03-14.24.49:005][  0]LogConfig: Applying CVar settings from Section [AntiAliasingQuality@3] File [D:/ant/ANT/project/ANT/Saved/Config/Windows/Scalability.ini]
[2019.09.03-14.24.49:005][  0]LogConfig: Setting CVar [[r.PostProcessAAQuality:4]]
[2019.09.03-14.24.49:005][  0]LogConfig: Applying CVar settings from Section [ShadowQuality@3] File [D:/ant/ANT/project/ANT/Saved/Config/Windows/Scalability.ini]
[2019.09.03-14.24.49:005][  0]LogConfig: Setting CVar [[r.LightFunctionQuality:1]]
[2019.09.03-14.24.49:005][  0]LogConfig: Setting CVar [[r.ShadowQuality:5]]
[2019.09.03-14.24.49:006][  0]LogConfig: Setting CVar [[r.Shadow.CSM.MaxCascades:10]]
[2019.09.03-14.24.49:006][  0]LogConfig: Setting CVar [[r.Shadow.MaxResolution:2048]]
[2019.09.03-14.24.49:006][  0]LogConfig: Setting CVar [[r.Shadow.MaxCSMResolution:2048]]
[2019.09.03-14.24.49:006][  0]LogConfig: Setting CVar [[r.Shadow.RadiusThreshold:0.01]]
[2019.09.03-14.24.49:006][  0]LogConfig: Setting CVar [[r.Shadow.DistanceScale:1.0]]
[2019.09.03-14.24.49:006][  0]LogConfig: Setting CVar [[r.Shadow.CSM.TransitionScale:1.0]]
[2019.09.03-14.24.49:006][  0]LogConfig: Setting CVar [[r.Shadow.PreShadowResolutionFactor:1.0]]
[2019.09.03-14.24.49:006][  0]LogConfig: Setting CVar [[r.DistanceFieldShadowing:1]]
[2019.09.03-14.24.49:006][  0]LogConfig: Setting CVar [[r.DistanceFieldAO:1]]
[2019.09.03-14.24.49:006][  0]LogConfig: Setting CVar [[r.AOQuality:2]]
[2019.09.03-14.24.49:006][  0]LogConfig: Setting CVar [[r.VolumetricFog:1]]
[2019.09.03-14.24.49:006][  0]LogConfig: Setting CVar [[r.VolumetricFog.GridPixelSize:8]]
[2019.09.03-14.24.49:006][  0]LogConfig: Setting CVar [[r.VolumetricFog.GridSizeZ:128]]
[2019.09.03-14.24.49:006][  0]LogConfig: Setting CVar [[r.VolumetricFog.HistoryMissSupersampleCount:4]]
[2019.09.03-14.24.49:006][  0]LogConfig: Setting CVar [[r.LightMaxDrawDistanceScale:1]]
[2019.09.03-14.24.49:006][  0]LogConfig: Setting CVar [[r.CapsuleShadows:1]]
[2019.09.03-14.24.49:006][  0]LogConfig: Applying CVar settings from Section [PostProcessQuality@3] File [D:/ant/ANT/project/ANT/Saved/Config/Windows/Scalability.ini]
[2019.09.03-14.24.49:006][  0]LogConfig: Setting CVar [[r.MotionBlurQuality:4]]
[2019.09.03-14.24.49:006][  0]LogConfig: Setting CVar [[r.AmbientOcclusionMipLevelFactor:0.4]]
[2019.09.03-14.24.49:006][  0]LogConfig: Setting CVar [[r.AmbientOcclusionMaxQuality:100]]
[2019.09.03-14.24.49:006][  0]LogConfig: Setting CVar [[r.AmbientOcclusionLevels:-1]]
[2019.09.03-14.24.49:006][  0]LogConfig: Setting CVar [[r.AmbientOcclusionRadiusScale:1.0]]
[2019.09.03-14.24.49:006][  0]LogConfig: Setting CVar [[r.DepthOfFieldQuality:2]]
[2019.09.03-14.24.49:006][  0]LogConfig: Setting CVar [[r.RenderTargetPoolMin:400]]
[2019.09.03-14.24.49:006][  0]LogConfig: Setting CVar [[r.LensFlareQuality:2]]
[2019.09.03-14.24.49:006][  0]LogConfig: Setting CVar [[r.SceneColorFringeQuality:1]]
[2019.09.03-14.24.49:007][  0]LogConfig: Setting CVar [[r.EyeAdaptationQuality:2]]
[2019.09.03-14.24.49:007][  0]LogConfig: Setting CVar [[r.BloomQuality:5]]
[2019.09.03-14.24.49:007][  0]LogConfig: Setting CVar [[r.FastBlurThreshold:100]]
[2019.09.03-14.24.49:007][  0]LogConfig: Setting CVar [[r.Upscale.Quality:3]]
[2019.09.03-14.24.49:007][  0]LogConfig: Setting CVar [[r.Tonemapper.GrainQuantization:1]]
[2019.09.03-14.24.49:007][  0]LogConfig: Setting CVar [[r.LightShaftQuality:1]]
[2019.09.03-14.24.49:007][  0]LogConfig: Setting CVar [[r.Filter.SizeScale:1]]
[2019.09.03-14.24.49:007][  0]LogConfig: Setting CVar [[r.Tonemapper.Quality:5]]
[2019.09.03-14.24.49:007][  0]LogConfig: Setting CVar [[r.DOF.Gather.AccumulatorQuality:1        ; higher gathering accumulator quality]]
[2019.09.03-14.24.49:007][  0]LogConfig: Setting CVar [[r.DOF.Gather.PostfilterMethod:1          ; Median3x3 postfilering method]]
[2019.09.03-14.24.49:007][  0]LogConfig: Setting CVar [[r.DOF.Gather.EnableBokehSettings:0       ; no bokeh simulation when gathering]]
[2019.09.03-14.24.49:007][  0]LogConfig: Setting CVar [[r.DOF.Gather.RingCount:4                 ; medium number of samples when gathering]]
[2019.09.03-14.24.49:007][  0]LogConfig: Setting CVar [[r.DOF.Scatter.ForegroundCompositing:1    ; additive foreground scattering]]
[2019.09.03-14.24.49:007][  0]LogConfig: Setting CVar [[r.DOF.Scatter.BackgroundCompositing:2    ; additive background scattering]]
[2019.09.03-14.24.49:007][  0]LogConfig: Setting CVar [[r.DOF.Scatter.EnableBokehSettings:1      ; bokeh simulation when scattering]]
[2019.09.03-14.24.49:007][  0]LogConfig: Setting CVar [[r.DOF.Scatter.MaxSpriteRatio:0.1         ; only a maximum of 10% of scattered bokeh]]
[2019.09.03-14.24.49:007][  0]LogConfig: Setting CVar [[r.DOF.Recombine.Quality:1                ; cheap slight out of focus]]
[2019.09.03-14.24.49:007][  0]LogConfig: Setting CVar [[r.DOF.Recombine.EnableBokehSettings:0    ; no bokeh simulation on slight out of focus]]
[2019.09.03-14.24.49:007][  0]LogConfig: Setting CVar [[r.DOF.TemporalAAQuality:1                ; more stable temporal accumulation]]
[2019.09.03-14.24.49:007][  0]LogConfig: Setting CVar [[r.DOF.Kernel.MaxForegroundRadius:0.025]]
[2019.09.03-14.24.49:007][  0]LogConfig: Setting CVar [[r.DOF.Kernel.MaxBackgroundRadius:0.025]]
[2019.09.03-14.24.49:007][  0]LogConfig: Applying CVar settings from Section [TextureQuality@3] File [D:/ant/ANT/project/ANT/Saved/Config/Windows/Scalability.ini]
[2019.09.03-14.24.49:007][  0]LogConfig: Setting CVar [[r.Streaming.MipBias:0]]
[2019.09.03-14.24.49:007][  0]LogConfig: Setting CVar [[r.Streaming.AmortizeCPUToGPUCopy:0]]
[2019.09.03-14.24.49:007][  0]LogConfig: Setting CVar [[r.Streaming.MaxNumTexturesToStreamPerFrame:0]]
[2019.09.03-14.24.49:008][  0]LogConfig: Setting CVar [[r.Streaming.Boost:1]]
[2019.09.03-14.24.49:008][  0]LogConfig: Setting CVar [[r.MaxAnisotropy:8]]
[2019.09.03-14.24.49:008][  0]LogConfig: Setting CVar [[r.Streaming.LimitPoolSizeToVRAM:0]]
[2019.09.03-14.24.49:008][  0]LogConfig: Setting CVar [[r.Streaming.PoolSize:1000]]
[2019.09.03-14.24.49:008][  0]LogConfig: Setting CVar [[r.Streaming.MaxEffectiveScreenSize:0]]
[2019.09.03-14.24.49:008][  0]LogConfig: Applying CVar settings from Section [EffectsQuality@3] File [D:/ant/ANT/project/ANT/Saved/Config/Windows/Scalability.ini]
[2019.09.03-14.24.49:008][  0]LogConfig: Setting CVar [[r.TranslucencyLightingVolumeDim:64]]
[2019.09.03-14.24.49:008][  0]LogConfig: Setting CVar [[r.RefractionQuality:2]]
[2019.09.03-14.24.49:008][  0]LogConfig: Setting CVar [[r.SSR.Quality:3]]
[2019.09.03-14.24.49:008][  0]LogConfig: Setting CVar [[r.SceneColorFormat:4]]
[2019.09.03-14.24.49:008][  0]LogConfig: Setting CVar [[r.DetailMode:2]]
[2019.09.03-14.24.49:008][  0]LogConfig: Setting CVar [[r.TranslucencyVolumeBlur:1]]
[2019.09.03-14.24.49:009][  0]LogConfig: Setting CVar [[r.MaterialQualityLevel:1 ; High quality]]
[2019.09.03-14.24.49:009][  0]LogConfig: Setting CVar [[r.SSS.Scale:1]]
[2019.09.03-14.24.49:009][  0]LogConfig: Setting CVar [[r.SSS.SampleSet:2]]
[2019.09.03-14.24.49:009][  0]LogConfig: Setting CVar [[r.SSS.Quality:1]]
[2019.09.03-14.24.49:009][  0]LogConfig: Setting CVar [[r.SSS.HalfRes:1]]
[2019.09.03-14.24.49:009][  0]LogConfig: Setting CVar [[r.EmitterSpawnRateScale:1.0]]
[2019.09.03-14.24.49:009][  0]LogConfig: Setting CVar [[r.ParticleLightQuality:2]]
[2019.09.03-14.24.49:009][  0]LogConfig: Applying CVar settings from Section [FoliageQuality@3] File [D:/ant/ANT/project/ANT/Saved/Config/Windows/Scalability.ini]
[2019.09.03-14.24.49:009][  0]LogConfig: Setting CVar [[foliage.DensityScale:1.0]]
[2019.09.03-14.24.49:009][  0]LogConfig: Setting CVar [[grass.DensityScale:1.0]]
[2019.09.03-14.24.49:009][  0]LogConfig: Applying CVar settings from Section [Startup] File [../../../Engine/Config/ConsoleVariables.ini]
[2019.09.03-14.24.49:010][  0]LogConfig: Setting CVar [[net.UseAdaptiveNetUpdateFrequency:0]]
[2019.09.03-14.24.49:010][  0]LogConfig: Setting CVar [[p.chaos.AllowCreatePhysxBodies:1]]
[2019.09.03-14.24.49:010][  0]LogConfig: Applying CVar settings from Section [ConsoleVariables] File [D:/ant/ANT/project/ANT/Saved/Config/Windows/Engine.ini]
[2019.09.03-14.24.49:010][  0]LogInit: Computer: DESKTOP-3OF38UC
[2019.09.03-14.24.49:010][  0]LogInit: User: thdwn
[2019.09.03-14.24.49:010][  0]LogInit: CPU Page size=4096, Cores=2
[2019.09.03-14.24.49:010][  0]LogInit: High frequency timer resolution =10.000000 MHz
[2019.09.03-14.24.49:010][  0]LogMemory: Memory total: Physical=7.9GB (8GB approx)
[2019.09.03-14.24.49:010][  0]LogMemory: Platform Memory Stats for Windows
[2019.09.03-14.24.49:010][  0]LogMemory: Process Physical Memory: 95.24 MB used, 95.24 MB peak
[2019.09.03-14.24.49:010][  0]LogMemory: Process Virtual Memory: 89.57 MB used, 89.57 MB peak
[2019.09.03-14.24.49:010][  0]LogMemory: Physical Memory: 7569.81 MB used,  540.08 MB free, 8109.89 MB total
[2019.09.03-14.24.49:010][  0]LogMemory: Virtual Memory: 4636.39 MB used,  134213088.00 MB free, 134217728.00 MB total
[2019.09.03-14.24.49:112][  0]LogInit: Using OS detected language (ko-KR).
[2019.09.03-14.24.49:112][  0]LogInit: Using OS detected locale (ko-KR).
[2019.09.03-14.24.49:113][  0]LogTextLocalizationManager: No specific localization for 'ko-KR' exists, so the 'ko' localization will be used.
[2019.09.03-14.24.49:379][  0]LogInit: Setting process to per monitor DPI aware
[2019.09.03-14.24.49:635][  0]LogSlate: New Slate User Created.  User Index 0, Is Virtual User: 0
[2019.09.03-14.24.49:635][  0]LogSlate: Slate User Registered.  User Index 0, Is Virtual User: 0
[2019.09.03-14.24.50:442][  0]LogHMD: Failed to initialize OpenVR with code 110
[2019.09.03-14.24.50:442][  0]LogD3D11RHI: D3D11 adapters:
[2019.09.03-14.24.50:746][  0]LogD3D11RHI:    0. 'NVIDIA GeForce 940MX' (Feature Level 11_0)
[2019.09.03-14.24.50:746][  0]LogD3D11RHI:       2010/0/4054 MB DedicatedVideo/DedicatedSystem/SharedSystem, Outputs:2, VendorId:0x10de
[2019.09.03-14.24.50:767][  0]LogD3D11RHI:    1. 'Intel(R) HD Graphics 520' (Feature Level 11_0)
[2019.09.03-14.24.50:767][  0]LogD3D11RHI:       128/0/4054 MB DedicatedVideo/DedicatedSystem/SharedSystem, Outputs:0, VendorId:0x8086
[2019.09.03-14.24.50:772][  0]LogD3D11RHI:    2. 'Microsoft Basic Render Driver' (Feature Level 11_0)
[2019.09.03-14.24.50:772][  0]LogD3D11RHI:       0/0/4054 MB DedicatedVideo/DedicatedSystem/SharedSystem, Outputs:0, VendorId:0x1414
[2019.09.03-14.24.50:772][  0]LogD3D11RHI: Chosen D3D11 Adapter: 0
[2019.09.03-14.24.50:858][  0]LogD3D11RHI: Creating new Direct3DDevice
[2019.09.03-14.24.50:858][  0]LogD3D11RHI:     GPU DeviceId: 0x134d (for the marketing name, search the web for "GPU Device Id")
[2019.09.03-14.24.50:858][  0]LogWindows: EnumDisplayDevices:
[2019.09.03-14.24.50:859][  0]LogWindows:    0. 'Intel(R) HD Graphics 520' (P:1 D:1)
[2019.09.03-14.24.50:861][  0]LogWindows:    1. 'Intel(R) HD Graphics 520' (P:0 D:1)
[2019.09.03-14.24.50:863][  0]LogWindows:    2. 'Intel(R) HD Graphics 520' (P:0 D:0)
[2019.09.03-14.24.50:865][  0]LogWindows: DebugString: PrimaryIsNotTheChoosenAdapter PrimaryIsNotTheChoosenAdapter PrimaryIsNotTheChoosenAdapter FoundDriverCount:0 
[2019.09.03-14.24.50:865][  0]LogD3D11RHI:     Adapter Name: NVIDIA GeForce 940MX
[2019.09.03-14.24.50:865][  0]LogD3D11RHI:   Driver Version: Unknown (internal:Unknown, unified:Unknown)
[2019.09.03-14.24.50:865][  0]LogD3D11RHI:      Driver Date: Unknown
[2019.09.03-14.24.50:865][  0]LogRHI: Texture pool is 1407 MB (70% of 2010 MB)
[2019.09.03-14.24.51:001][  0]LogD3D11RHI: Async texture creation enabled
[2019.09.03-14.24.51:019][  0]LogRendererCore: FGlobalReadBuffer::InitRHI
[2019.09.03-14.24.51:020][  0]LogRendererCore: FGlobalReadBuffer::InitRHI
[2019.09.03-14.24.51:020][  0]LogRendererCore: FGlobalReadBuffer::InitRHI
[2019.09.03-14.24.51:031][  0]LogD3D11RHI: GPU Timing Frequency: 1000.000000 (Debug: 2 1)
[2019.09.03-14.24.58:490][  0]LogTemp: Display: Module 'AllDesktopTargetPlatform' loaded TargetPlatform 'AllDesktop'
[2019.09.03-14.24.58:534][  0]LogTemp: Display: Module 'MacClientTargetPlatform' loaded TargetPlatform 'MacClient'
[2019.09.03-14.24.58:574][  0]LogTemp: Display: Module 'MacNoEditorTargetPlatform' loaded TargetPlatform 'MacNoEditor'
[2019.09.03-14.24.58:617][  0]LogTemp: Display: Module 'MacServerTargetPlatform' loaded TargetPlatform 'MacServer'
[2019.09.03-14.24.58:661][  0]LogTemp: Display: Module 'MacTargetPlatform' loaded TargetPlatform 'Mac'
[2019.09.03-14.24.58:708][  0]LogTemp: Display: Module 'WindowsClientTargetPlatform' loaded TargetPlatform 'WindowsClient'
[2019.09.03-14.24.58:751][  0]LogTemp: Display: Module 'WindowsNoEditorTargetPlatform' loaded TargetPlatform 'WindowsNoEditor'
[2019.09.03-14.24.58:794][  0]LogTemp: Display: Module 'WindowsServerTargetPlatform' loaded TargetPlatform 'WindowsServer'
[2019.09.03-14.24.58:817][  0]LogTemp: Display: Module 'WindowsTargetPlatform' loaded TargetPlatform 'Windows'
[2019.09.03-14.24.59:104][  0]LogTemp: Display: Module 'AndroidTargetPlatform' loaded TargetPlatform 'Android'
[2019.09.03-14.24.59:104][  0]LogTemp: Display: Module 'AndroidTargetPlatform' loaded TargetPlatform 'Android_ASTC'
[2019.09.03-14.24.59:104][  0]LogTemp: Display: Module 'AndroidTargetPlatform' loaded TargetPlatform 'Android_ATC'
[2019.09.03-14.24.59:104][  0]LogTemp: Display: Module 'AndroidTargetPlatform' loaded TargetPlatform 'Android_DXT'
[2019.09.03-14.24.59:104][  0]LogTemp: Display: Module 'AndroidTargetPlatform' loaded TargetPlatform 'Android_ETC1'
[2019.09.03-14.24.59:105][  0]LogTemp: Display: Module 'AndroidTargetPlatform' loaded TargetPlatform 'Android_ETC1a'
[2019.09.03-14.24.59:105][  0]LogTemp: Display: Module 'AndroidTargetPlatform' loaded TargetPlatform 'Android_ETC2'
[2019.09.03-14.24.59:105][  0]LogTemp: Display: Module 'AndroidTargetPlatform' loaded TargetPlatform 'Android_PVRTC'
[2019.09.03-14.24.59:105][  0]LogTemp: Display: Module 'AndroidTargetPlatform' loaded TargetPlatform 'AndroidClient'
[2019.09.03-14.24.59:105][  0]LogTemp: Display: Module 'AndroidTargetPlatform' loaded TargetPlatform 'Android_ASTCClient'
[2019.09.03-14.24.59:105][  0]LogTemp: Display: Module 'AndroidTargetPlatform' loaded TargetPlatform 'Android_ATCClient'
[2019.09.03-14.24.59:105][  0]LogTemp: Display: Module 'AndroidTargetPlatform' loaded TargetPlatform 'Android_DXTClient'
[2019.09.03-14.24.59:105][  0]LogTemp: Display: Module 'AndroidTargetPlatform' loaded TargetPlatform 'Android_ETC1Client'
[2019.09.03-14.24.59:105][  0]LogTemp: Display: Module 'AndroidTargetPlatform' loaded TargetPlatform 'Android_ETC1aClient'
[2019.09.03-14.24.59:105][  0]LogTemp: Display: Module 'AndroidTargetPlatform' loaded TargetPlatform 'Android_ETC2Client'
[2019.09.03-14.24.59:105][  0]LogTemp: Display: Module 'AndroidTargetPlatform' loaded TargetPlatform 'Android_PVRTCClient'
[2019.09.03-14.24.59:105][  0]LogTemp: Display: Module 'AndroidTargetPlatform' loaded TargetPlatform 'Android_Multi'
[2019.09.03-14.24.59:105][  0]LogTemp: Display: Module 'AndroidTargetPlatform' loaded TargetPlatform 'Android_MultiClient'
[2019.09.03-14.24.59:115][  0]LogTemp: Display: Module 'HTML5TargetPlatform' loaded TargetPlatform 'HTML5'
[2019.09.03-14.24.59:448][  0]LogTemp: Display: Module 'IOSTargetPlatform' loaded TargetPlatform 'IOSClient'
[2019.09.03-14.24.59:448][  0]LogTemp: Display: Module 'IOSTargetPlatform' loaded TargetPlatform 'IOS'
[2019.09.03-14.24.59:530][  0]LogTemp: Display: Module 'TVOSTargetPlatform' loaded TargetPlatform 'TVOSClient'
[2019.09.03-14.24.59:530][  0]LogTemp: Display: Module 'TVOSTargetPlatform' loaded TargetPlatform 'TVOS'
[2019.09.03-14.24.59:570][  0]LogTemp: Display: Module 'LinuxClientTargetPlatform' loaded TargetPlatform 'LinuxClient'
[2019.09.03-14.24.59:608][  0]LogTemp: Display: Module 'LinuxNoEditorTargetPlatform' loaded TargetPlatform 'LinuxNoEditor'
[2019.09.03-14.24.59:649][  0]LogTemp: Display: Module 'LinuxServerTargetPlatform' loaded TargetPlatform 'LinuxServer'
[2019.09.03-14.24.59:692][  0]LogTemp: Display: Module 'LinuxTargetPlatform' loaded TargetPlatform 'Linux'
[2019.09.03-14.24.59:838][  0]LogTemp: Display: Module 'LuminTargetPlatform' loaded TargetPlatform 'Lumin'
[2019.09.03-14.24.59:838][  0]LogTemp: Display: Module 'LuminTargetPlatform' loaded TargetPlatform 'LuminClient'
[2019.09.03-14.24.59:838][  0]LogTargetPlatformManager: Display: Building Assets For Windows
[2019.09.03-14.24.59:874][  0]LogAudioDebug: Display: Lib vorbis DLL was dynamically loaded.
[2019.09.03-14.25.00:044][  0]LogShaderCompilers: Guid format shader working directory is 23 characters bigger than the processId version (D:/ant/ANT/project/ANT/Intermediate/Shaders/WorkingDirectory/26600/).
[2019.09.03-14.25.00:044][  0]LogShaderCompilers: Cleaned the shader compiler working directory 'C:/Users/thdwn/AppData/Local/Temp/UnrealShaderWorkingDir/C3D314F5490FFD949E53569D428FC9CB/'.
[2019.09.03-14.25.00:052][  0]LogXGEController: Cannot use XGE Controller as Incredibuild is not installed on this machine.
[2019.09.03-14.25.00:052][  0]LogShaderCompilers: Cannot use XGE Shader Compiler as Incredibuild is not installed on this machine.
[2019.09.03-14.25.00:052][  0]LogShaderCompilers: Display: Using Local Shader Compiler.
[2019.09.03-14.25.02:408][  0]LogDerivedDataCache: Display: Max Cache Size: 512 MB
[2019.09.03-14.25.02:526][  0]LogDerivedDataCache: Loaded boot cache 0.12s 71MB C:/Users/thdwn/AppData/Local/UnrealEngine/4.22/DerivedDataCache/Boot.ddc.
[2019.09.03-14.25.02:526][  0]LogDerivedDataCache: Display: Loaded Boot cache: C:/Users/thdwn/AppData/Local/UnrealEngine/4.22/DerivedDataCache/Boot.ddc
[2019.09.03-14.25.02:526][  0]LogDerivedDataCache: FDerivedDataBackendGraph:  Pak pak cache file D:/ant/ANT/project/ANT/DerivedDataCache/DDC.ddp not found, will not use a pak cache.
[2019.09.03-14.25.02:526][  0]LogDerivedDataCache: Unable to find inner node Pak for hierarchical cache Hierarchy.
[2019.09.03-14.25.02:526][  0]LogDerivedDataCache: FDerivedDataBackendGraph:  CompressedPak pak cache file D:/ant/ANT/project/ANT/DerivedDataCache/Compressed.ddp not found, will not use a pak cache.
[2019.09.03-14.25.02:526][  0]LogDerivedDataCache: Unable to find inner node CompressedPak for hierarchical cache Hierarchy.
[2019.09.03-14.25.02:556][  0]LogDerivedDataCache: Display: Pak cache opened for reading ../../../Engine/DerivedDataCache/Compressed.ddp.
[2019.09.03-14.25.02:556][  0]LogDerivedDataCache: FDerivedDataBackendGraph:  EnterprisePak pak cache file ../../../Enterprise/DerivedDataCache/Compressed.ddp not found, will not use a pak cache.
[2019.09.03-14.25.02:556][  0]LogDerivedDataCache: Unable to find inner node EnterprisePak for hierarchical cache Hierarchy.
[2019.09.03-14.25.02:648][  0]LogDerivedDataCache: Using Local data cache path C:/Users/thdwn/AppData/Local/UnrealEngine/Common/DerivedDataCache: Writable
[2019.09.03-14.25.02:648][  0]LogDerivedDataCache: Shared data cache path not found in *engine.ini, will not use an Shared cache.
[2019.09.03-14.25.02:648][  0]LogDerivedDataCache: Unable to find inner node Shared for hierarchical cache Hierarchy.
[2019.09.03-14.25.02:832][  0]LogMaterial: Verifying Global Shaders for PCD3D_SM5
[2019.09.03-14.25.02:838][  0]LogSlate: Using FreeType 2.6.0
[2019.09.03-14.25.02:839][  0]LogSlate: SlateFontServices - WITH_FREETYPE: 1, WITH_HARFBUZZ: 1
[2019.09.03-14.25.03:412][  0]LogAssetRegistry: FAssetRegistry took 0.2247 seconds to start up
[2019.09.03-14.25.04:546][  0]LogInit: Selected Device Profile: [Windows]
[2019.09.03-14.25.04:989][  0]LogMeshReduction: Using QuadricMeshReduction for automatic static mesh reduction
[2019.09.03-14.25.04:989][  0]LogMeshReduction: Using SimplygonMeshReduction for automatic skeletal mesh reduction
[2019.09.03-14.25.04:989][  0]LogMeshReduction: Using ProxyLODMeshReduction for automatic mesh merging
[2019.09.03-14.25.04:989][  0]LogMeshReduction: No distributed automatic mesh merging module available
[2019.09.03-14.25.04:990][  0]LogMeshMerging: No distributed automatic mesh merging module available
[2019.09.03-14.25.06:094][  0]LogNetVersion: ANT 1.0.0, NetCL: 5660361, EngineNetVer: 10, GameNetVer: 0 (Checksum: 2384083993)
[2019.09.03-14.25.10:834][  0]LogPackageLocalizationCache: Processed 10 localized package path(s) for 1 prioritized culture(s) in 1.947274 seconds
[2019.09.03-14.25.10:851][  0]LogUObjectArray: 42205 objects as part of root set at end of initial load.
[2019.09.03-14.25.10:851][  0]LogUObjectAllocator: 7325032 out of 0 bytes used by permanent object pool.
[2019.09.03-14.25.10:852][  0]LogUObjectArray: CloseDisregardForGC: 0/0 objects in disregard for GC pool
[2019.09.03-14.25.25:107][  0]LogTcpMessaging: Initializing TcpMessaging bridge
[2019.09.03-14.25.25:198][  0]LogUdpMessaging: Initializing bridge on interface 0.0.0.0:0 to multicast group 230.0.0.1:6666.
[2019.09.03-14.25.25:773][  0]SourceControl: 소스 컨트롤이 꺼져 있습니다.
[2019.09.03-14.25.25:773][  0]SourceControl: 소스 컨트롤이 꺼져 있습니다.
[2019.09.03-14.25.25:785][  0]SourceControl: 소스 컨트롤이 꺼져 있습니다.
[2019.09.03-14.25.25:791][  0]SourceControl: 소스 컨트롤이 꺼져 있습니다.
[2019.09.03-14.25.26:257][  0]LogAndroidPermission: UAndroidPermissionCallbackProxy::GetInstance
[2019.09.03-14.25.27:304][  0]LogOcInput: OculusInput pre-init called
[2019.09.03-14.25.28:806][  0]LogEngine: Initializing Engine...
[2019.09.03-14.25.28:811][  0]LogHMD: Failed to initialize OpenVR with code 110
[2019.09.03-14.25.28:813][  0]LogStats: UGameplayTagsManager::InitializeManager -  0.000 s
[2019.09.03-14.25.29:359][  0]LogInit: Initializing FReadOnlyCVARCache
[2019.09.03-14.25.29:460][  0]LogAIModule: Creating AISystem for world Untitled
[2019.09.03-14.25.29:601][  0]LogInit: XAudio2 using '스피커(Realtek High Definition Audio)' : 2 channels at 48 kHz using 32 bits per sample (channel mask 0x3)
[2019.09.03-14.25.29:863][  0]LogInit: FAudioDevice initialized.
[2019.09.03-14.25.29:864][  0]LogNetVersion: Set ProjectVersion to 1.0.0.0. Version Checksum will be recalculated on next use.
[2019.09.03-14.25.30:204][  0]LogDerivedDataCache: Saved boot cache 0.34s 71MB C:/Users/thdwn/AppData/Local/UnrealEngine/4.22/DerivedDataCache/Boot.ddc.
[2019.09.03-14.25.30:271][  0]LogInit: Texture streaming: Enabled
[2019.09.03-14.25.30:327][  0]LogEngineSessionManager: EngineSessionManager initialized
[2019.09.03-14.25.30:389][  0]LogInit: Transaction tracking system initialized
[2019.09.03-14.25.30:471][  0]BlueprintLog: New page: 에디터 로드
[2019.09.03-14.25.30:843][  0]LocalizationService: 현지화 서비스가 비활성화되었습니다.
[2019.09.03-14.25.31:902][  0]LogFileCache: Scanning file cache for directory 'D:/ant/ANT/project/ANT/Content/' took 0.11s
[2019.09.03-14.25.31:902][  0]LogCook: Display: Max memory allowance for cook 16384mb min free memory 0mb
[2019.09.03-14.25.31:902][  0]LogCook: Display: Mobile HDR setting 1
[2019.09.03-14.25.32:666][  0]SourceControl: 소스 컨트롤이 꺼져 있습니다.
[2019.09.03-14.25.32:667][  0]Cmd: MAP LOAD FILE="D:/ant/ANT/project/ANT/Content/ThirdPersonBP/Maps/ThirdPersonExampleMap.umap" TEMPLATE=0 SHOWPROGRESS=1 FEATURELEVEL=3
[2019.09.03-14.25.32:773][  0]LightingResults: New page: 라이팅 빌드
[2019.09.03-14.25.32:781][  0]MapCheck: New page: 맵 체크
[2019.09.03-14.25.32:781][  0]LightingResults: New page: 라이팅 빌드
[2019.09.03-14.25.38:808][  0]LogUObjectHash: Compacting FUObjectHashTables data took   3.83ms
[2019.09.03-14.25.42:019][  0]LogAIModule: Creating AISystem for world ThirdPersonExampleMap
[2019.09.03-14.25.42:063][  0]LogEditorServer: Finished looking for orphan Actors (0.000 secs)
[2019.09.03-14.25.51:981][  0]LogUObjectHash: Compacting FUObjectHashTables data took   4.59ms
[2019.09.03-14.25.51:981][  0]Cmd: MAP CHECKDEP NOCLEARLOG
[2019.09.03-14.25.51:981][  0]MapCheck: 맵 체크 완료: 오류 0 회, 경고 0 회, 소요 시간 0.19ms.
[2019.09.03-14.25.51:981][  0]LogFileHelpers: Loading map 'ThirdPersonExampleMap' took 19.315
[2019.09.03-14.25.52:928][  0]LogSlate: Updating window title bar state: overlay mode, drag disabled, window buttons hidden, title bar hidden
[2019.09.03-14.25.52:948][  0]LogSlate: Updating window title bar state: overlay mode, drag disabled, window buttons hidden, title bar hidden
[2019.09.03-14.25.52:968][  0]LogSlate: Updating window title bar state: overlay mode, drag disabled, window buttons hidden, title bar hidden
[2019.09.03-14.25.52:988][  0]LogSlate: Updating window title bar state: overlay mode, drag disabled, window buttons hidden, title bar hidden
[2019.09.03-14.25.53:024][  0]LogCollectionManager: Loaded 0 collections in 0.003751 seconds
[2019.09.03-14.25.53:183][  0]LogFileCache: Scanning file cache for directory 'D:/ant/ANT/project/ANT/Saved/Collections/' took 0.10s
[2019.09.03-14.25.53:183][  0]LogFileCache: Scanning file cache for directory 'D:/ant/ANT/project/ANT/Content/Developers/thdwn/Collections/' took 0.02s
[2019.09.03-14.25.53:183][  0]LogFileCache: Scanning file cache for directory 'D:/ant/ANT/project/ANT/Content/Collections/' took 0.00s
[2019.09.03-14.25.53:183][  0]LogCollectionManager: Rebuilt the GUID cache for 0 collections in 0.000000 seconds
[2019.09.03-14.25.53:209][  0]LogContentBrowser: Native class hierarchy populated in 0.0232 seconds. Added 2732 classes and 659 folders.
[2019.09.03-14.25.53:237][  0]LogContentBrowser: Native class hierarchy updated for 'WidgetCarousel' in 0.0004 seconds. Added 0 classes and 0 folders.
[2019.09.03-14.25.53:265][  0]LogPakFile: Registered encryption key '00000000000000000000000000000000': 0 pak files mounted, 0 remain pending
[2019.09.03-14.25.53:369][  0]LogPakFile: Registered encryption key '00000000000000000000000000000000': 0 pak files mounted, 0 remain pending
[2019.09.03-14.25.53:418][  0]LogPakFile: Registered encryption key '00000000000000000000000000000000': 0 pak files mounted, 0 remain pending
[2019.09.03-14.25.53:429][  0]LogPakFile: Registered encryption key '00000000000000000000000000000000': 0 pak files mounted, 0 remain pending
[2019.09.03-14.25.53:440][  0]LogPakFile: Registered encryption key '00000000000000000000000000000000': 0 pak files mounted, 0 remain pending
[2019.09.03-14.25.53:466][  0]LogPakFile: Registered encryption key '00000000000000000000000000000000': 0 pak files mounted, 0 remain pending
[2019.09.03-14.25.53:476][  0]LogPakFile: Registered encryption key '00000000000000000000000000000000': 0 pak files mounted, 0 remain pending
[2019.09.03-14.25.53:486][  0]LogPakFile: Registered encryption key '00000000000000000000000000000000': 0 pak files mounted, 0 remain pending
[2019.09.03-14.25.53:500][  0]LogPakFile: Registered encryption key '00000000000000000000000000000000': 0 pak files mounted, 0 remain pending
[2019.09.03-14.25.53:515][  0]LogPakFile: Registered encryption key '00000000000000000000000000000000': 0 pak files mounted, 0 remain pending
[2019.09.03-14.25.53:526][  0]LogPakFile: Registered encryption key '00000000000000000000000000000000': 0 pak files mounted, 0 remain pending
[2019.09.03-14.25.53:537][  0]LogPakFile: Registered encryption key '00000000000000000000000000000000': 0 pak files mounted, 0 remain pending
[2019.09.03-14.25.53:606][  0]LogPakFile: Registered encryption key '00000000000000000000000000000000': 0 pak files mounted, 0 remain pending
[2019.09.03-14.25.53:618][  0]LogPakFile: Registered encryption key '00000000000000000000000000000000': 0 pak files mounted, 0 remain pending
[2019.09.03-14.25.53:629][  0]LogPakFile: Registered encryption key '00000000000000000000000000000000': 0 pak files mounted, 0 remain pending
[2019.09.03-14.25.53:642][  0]LogPakFile: Registered encryption key '00000000000000000000000000000000': 0 pak files mounted, 0 remain pending
[2019.09.03-14.25.53:731][  0]LogPakFile: Registered encryption key '00000000000000000000000000000000': 0 pak files mounted, 0 remain pending
[2019.09.03-14.25.53:742][  0]LogPakFile: Registered encryption key '00000000000000000000000000000000': 0 pak files mounted, 0 remain pending
[2019.09.03-14.25.53:752][  0]LogPakFile: Registered encryption key '00000000000000000000000000000000': 0 pak files mounted, 0 remain pending
[2019.09.03-14.25.53:765][  0]LogPakFile: Registered encryption key '00000000000000000000000000000000': 0 pak files mounted, 0 remain pending
[2019.09.03-14.25.53:778][  0]LogPakFile: Registered encryption key '00000000000000000000000000000000': 0 pak files mounted, 0 remain pending
[2019.09.03-14.25.53:789][  0]LogPakFile: Registered encryption key '00000000000000000000000000000000': 0 pak files mounted, 0 remain pending
[2019.09.03-14.25.53:800][  0]LogPakFile: Registered encryption key '00000000000000000000000000000000': 0 pak files mounted, 0 remain pending
[2019.09.03-14.25.53:812][  0]LogPakFile: Registered encryption key '00000000000000000000000000000000': 0 pak files mounted, 0 remain pending
[2019.09.03-14.25.53:822][  0]LogPakFile: Registered encryption key '00000000000000000000000000000000': 0 pak files mounted, 0 remain pending
[2019.09.03-14.25.53:833][  0]LogPakFile: Registered encryption key '00000000000000000000000000000000': 0 pak files mounted, 0 remain pending
[2019.09.03-14.25.54:353][  0]LogContentBrowser: Native class hierarchy updated for 'AddContentDialog' in 0.0005 seconds. Added 0 classes and 0 folders.
[2019.09.03-14.25.54:391][  0]LogContentBrowser: Native class hierarchy updated for 'SceneOutliner' in 0.0006 seconds. Added 1 classes and 2 folders.
[2019.09.03-14.25.54:793][  0]LogSlate: Took 0.000270 seconds to synchronously load lazily loaded font '../../../Engine/Content/Slate/Fonts/Roboto-Regular.ttf' (155K)
[2019.09.03-14.25.54:809][  0]LogSlate: Took 0.013220 seconds to synchronously load lazily loaded font '../../../Engine/Content/Editor/Slate/Fonts/NanumGothic.ttf' (4243K)
[2019.09.03-14.25.54:823][  0]LogSlate: Took 0.012490 seconds to synchronously load lazily loaded font '../../../Engine/Content/Editor/Slate/Fonts/NanumGothicBold.ttf' (4188K)
[2019.09.03-14.25.54:824][  0]LogSlate: Took 0.000318 seconds to synchronously load lazily loaded font '../../../Engine/Content/Slate/Fonts/Roboto-Bold.ttf' (160K)
[2019.09.03-14.25.54:919][  0]LogSlate: Took 0.074343 seconds to synchronously load lazily loaded font '../../../Engine/Content/Editor/Slate/Fonts/FontAwesome.ttf' (139K)
[2019.09.03-14.25.55:175][  0]LogRenderer: Reallocating scene render targets to support 712x436 Format 10 NumSamples 1 (Frame:1).
[2019.09.03-14.27.25:807][  0]LogContentBrowser: Native class hierarchy updated for 'HierarchicalLODOutliner' in 0.0005 seconds. Added 0 classes and 0 folders.
[2019.09.03-14.27.25:808][  0]LogLoad: (Engine Initialization) Total time: 165.12 seconds
[2019.09.03-14.27.25:808][  0]LogLoad: (Engine Initialization) Total Blueprint compile time: 0.00 seconds
[2019.09.03-14.27.25:837][  0]LogEditorViewport: Clicking on Actor (LMB): BP_Sky_Sphere_C (SkySphereBlueprint)
[2019.09.03-14.27.27:819][  0]LogD3D11RHI: Timed out while waiting for GPU to catch up. (2.0 s)
[2019.09.03-14.27.27:820][  0]LogTemp: Display: Unable to get render query result on a platform supporting RQT_AbsoluteTime queries, defaulting to 5 iterations for LongGPUTask
[2019.09.03-14.27.37:290][  0]LogContentStreaming: Texture pool size now 1000 MB
[2019.09.03-14.27.39:551][  0]LogSlate: Took 1.953218 seconds to synchronously load lazily loaded font '../../../Engine/Content/Slate/Fonts/Roboto-Light.ttf' (167K)
[2019.09.03-14.27.39:634][  1]LogSlate: FSceneViewport::OnFocusLost() reason 0
[2019.09.03-14.27.59:085][  2]LogAssetRegistry: Asset discovery search completed in 175.8613 seconds
[2019.09.03-14.27.59:090][  2]LogCollectionManager: Rebuilt the object cache for 0 collections in 0.000001 seconds (found 0 objects)
[2019.09.03-14.27.59:090][  2]LogCollectionManager: Fixed up redirectors for 0 collections in 0.000095 seconds (updated 0 objects)
[2019.09.03-14.28.58:792][689]LogSlate: Took 0.000233 seconds to synchronously load lazily loaded font '../../../Engine/Content/Slate/Fonts/Roboto-Light.ttf' (167K)
[2019.09.03-14.29.01:442][689]LogAIModule: Creating AISystem for world NewMap
[2019.09.03-14.29.01:488][689]LogAssetEditorManager: Opening Asset editor for World /Game/NewMap.NewMap
[2019.09.03-14.29.01:545][689]LogUObjectHash: Compacting FUObjectHashTables data took   2.49ms
[2019.09.03-14.29.01:547][689]Cmd: MAP LOAD FILE="D:/ant/ANT/project/ANT/Content/NewMap.umap" TEMPLATE=0 SHOWPROGRESS=1 FEATURELEVEL=3
[2019.09.03-14.29.01:548][689]LightingResults: New page: 라이팅 빌드
[2019.09.03-14.29.01:549][689]LoadErrors: New page: 맵 로드중: NewMap.umap
[2019.09.03-14.29.01:551][689]MapCheck: New page: 맵 체크
[2019.09.03-14.29.01:552][689]LightingResults: New page: 라이팅 빌드
[2019.09.03-14.29.01:635][689]LogUObjectHash: Compacting FUObjectHashTables data took   8.64ms
[2019.09.03-14.29.04:927][689]LogEditorServer: Finished looking for orphan Actors (0.000 secs)
[2019.09.03-14.29.04:992][689]LogUObjectHash: Compacting FUObjectHashTables data took   3.09ms
[2019.09.03-14.29.05:173][689]Cmd: MAP CHECKDEP NOCLEARLOG
[2019.09.03-14.29.05:175][689]MapCheck: 맵 체크 완료: 오류 0 회, 경고 0 회, 소요 시간 2.391ms.
[2019.09.03-14.29.05:175][689]LogFileHelpers: Loading map 'NewMap' took 3.629
[2019.09.03-14.33.21:833][147]LogTexture: Display: 텍스처 빌드: T_CliffRockTile_03_D (AutoDXT, 2048X2048)
[2019.09.03-14.33.57:076][147]LogTexture: Display: 텍스처 빌드: T_MountainRock_N (BC5, 8192X8192)
[2019.09.03-14.33.57:076][147]LogTexture: Display: 텍스처 빌드: T_CliffRock_03_N (BC5, 4096X4096)
[2019.09.03-14.33.57:076][147]LogTexture: Display: 텍스처 빌드: T_Water_Screen_Noise_Soft (AutoDXT, 1024X1024)
[2019.09.03-14.33.57:076][147]LogTexture: Display: 텍스처 빌드: T_Yarrow_D (AutoDXT, 2048X2048)
[2019.09.03-14.33.57:076][147]LogTexture: Display: 텍스처 빌드: T_Yarrow_N (BC5, 2048X2048)
[2019.09.03-14.33.57:077][147]LogTexture: Display: 텍스처 빌드: T_BogMyrtleBtm_01_N (BC5, 4096X4096)
[2019.09.03-14.33.57:077][147]LogTexture: Display: 텍스처 빌드: T_BogMyrtleBtm_01_D (AutoDXT, 4096X4096)
[2019.09.03-14.33.57:077][147]LogTexture: Display: 텍스처 빌드: BogMyrtle_01_Atlas_Tex (AutoDXT, 4096X4096)
[2019.09.03-14.33.57:077][147]LogTexture: Display: 텍스처 빌드: T_GDC_Tiling_LeafpathStones_N (BC5, 4096X4096)
[2019.09.03-14.33.57:077][147]LogTexture: Display: 텍스처 빌드: D_Tree_Stump_01_N (BC5, 8192X8192)
[2019.09.03-14.33.57:077][147]LogTexture: Display: 텍스처 빌드: T_GDC_Tiling_LeafPathStones_H (AutoDXT, 4096X4096)
[2019.09.03-14.33.57:078][147]LogTexture: Display: 텍스처 빌드: T_MountainRock_D (AutoDXT, 8192X8192)
[2019.09.03-14.37.31:422][147]LogTexture: Display: 텍스처 빌드: T_HillTreeBillboard_01_Depth (AutoDXT, 1024X1024)
[2019.09.03-14.37.37:144][147]LogTexture: Display: 텍스처 빌드: T_GroundRevealRock001a_N (BC5, 8192X8192)
[2019.09.03-14.38.48:993][147]LogTexture: Display: 텍스처 빌드: T_HillTreeBillboard_01 (AutoDXT, 4096X4096)
[2019.09.03-14.38.48:993][147]LogTexture: Display: 텍스처 빌드: T_HillTreeBillboard_01_SSS (AutoDXT, 4096X4096)
[2019.09.03-14.38.48:993][147]LogTexture: Display: 텍스처 빌드: T_HillTreeBillboard_01_S_R (AutoDXT, 2048X2048)
[2019.09.03-14.38.48:993][147]LogTexture: Display: 텍스처 빌드: HillTree_Tall_01_Atlas_Billboards_Normal_Tex (BC5, 2048X2048)
[2019.09.03-14.39.13:926][147]LogTexture: Display: 텍스처 빌드: T_HillTreeBillboard_01_N (AutoDXT, 4096X4096)
[2019.09.03-14.39.13:926][147]LogTexture: Display: 텍스처 빌드: HillTree_Tall_01_Atlas_Billboards_Tex (AutoDXT, 2048X2048)
[2019.09.03-14.39.13:926][147]LogStaticMesh: SM_FieldGrass_01 스태틱 메시 빌드중...
[2019.09.03-14.40.26:840][147]LogTexture: Display: 텍스처 빌드: T_Vegetation_Debris_002_N (BC5, 8192X8192)
[2019.09.03-14.40.27:727][147]LogStaticMesh: Built static mesh [76.01s] /Game/KiteDemo/Environments/Foliage/Grass/FieldGrass/SM_FieldGrass_01.SM_FieldGrass_01
[2019.09.03-14.40.37:691][147]LogStaticMesh: SM_Yarrow 스태틱 메시 빌드중...
[2019.09.03-14.40.39:912][147]LogTexture: Display: 텍스처 빌드: KimsBackYard (RGBA16F, 10000X5000)
[2019.09.03-14.40.39:912][147]LogStaticMesh: Built static mesh [2.25s] /Game/KiteDemo/Environments/Foliage/Flowers/Yarrow/SM_Yarrow.SM_Yarrow
[2019.09.03-14.40.41:934][147]LogStaticMesh: SM_Yarrow3 스태틱 메시 빌드중...
[2019.09.03-14.40.43:305][147]LogStaticMesh: Built static mesh [1.37s] /Game/KiteDemo/Environments/Foliage/Flowers/Yarrow/SM_Yarrow3.SM_Yarrow3
[2019.09.03-14.40.44:782][147]LogStaticMesh: SM_Buttercup_Patch_01 스태틱 메시 빌드중...
[2019.09.03-14.40.45:254][147]LogStaticMesh: Built static mesh [0.61s] /Game/KiteDemo/Environments/Foliage/Flowers/Buttercup/SM_Buttercup_Patch_01.SM_Buttercup_Patch_01
[2019.09.03-14.51.42:593][147]LogTexture: Display: 텍스처 빌드: T_GDC_LargeVolcanicRock_001_N (BC5, 8192X8192)
[2019.09.03-14.51.46:290][147]LogTexture: Display: 텍스처 빌드: T_Craghead_Oak_Tile_01_N_Tex (BC5, 2048X4096)
[2019.09.03-14.51.46:291][147]LogTexture: Display: 텍스처 빌드: T_Craghead_Oak_Tile_01_D_Tex (AutoDXT, 2048X4096)
[2019.09.03-14.51.46:291][147]LogTexture: Display: 텍스처 빌드: T_Craghead_Oak_LimbTile_02_N_Tex (BC5, 1024X4096)
[2019.09.03-14.51.46:291][147]LogTexture: Display: 텍스처 빌드: T_Craghead_Oak_LimbTile_02_D_Tex (AutoDXT, 1024X4096)
[2019.09.03-14.51.46:291][147]LogTexture: Display: 텍스처 빌드: HillTree_01_Atlas_Normal_Tex (BC5, 4096X4096)
[2019.09.03-14.51.46:291][147]LogTexture: Display: 텍스처 빌드: T_Craghead_Oak_TileMoss_01_D_Tex (AutoDXT, 2048X4096)
[2019.09.03-14.51.46:291][147]LogTexture: Display: 텍스처 빌드: HillTree_01_Atlas_Tex (AutoDXT, 4096X4096)
[2019.09.03-14.51.46:291][147]LogTexture: Display: 텍스처 빌드: T_Tile_PebblyRiverbank_N (BC5, 8192X8192)
[2019.09.03-14.52.46:315][147]LogStaticMesh: BogMyrtle_01 스태틱 메시 빌드중...
[2019.09.03-14.52.49:764][147]LogStaticMesh: Built static mesh [9.07s] /Game/KiteDemo/Environments/Foliage/BogMyrtle_01/BogMyrtle_01.BogMyrtle_01
[2019.09.03-14.54.10:642][147]LogTexture: Display: 텍스처 빌드: T_Tile_PebblyRiverbank_H (AutoDXT, 8192X8192)
[2019.09.03-14.54.10:777][147]LogTexture: Display: 텍스처 빌드: BogMyrtle_01_Atlas_Normal_Tex (BC5, 4096X4096)
[2019.09.03-14.54.10:777][147]LogTexture: Display: 텍스처 빌드: BogMyrtle_01_Atlas_Billboards_Normal_Tex (BC5, 2048X2048)
[2019.09.03-14.54.10:777][147]LogTexture: Display: 텍스처 빌드: BogMyrtle_01_Atlas_Billboards_Tex (AutoDXT, 2048X2048)
[2019.09.03-14.54.10:777][147]LogTexture: Display: 텍스처 빌드: T_GroundRevealRock002_N (BC5, 8192X8192)
[2019.09.03-14.54.10:777][147]LogTexture: Display: 텍스처 빌드: T_FieldScabious01_M (AutoDXT, 2048X2048)
[2019.09.03-14.54.10:777][147]LogTexture: Display: 텍스처 빌드: T_FieldScabious01_N (BC5, 2048X2048)
[2019.09.03-14.54.10:777][147]LogTexture: Display: 텍스처 빌드: T_FieldScabious01_D (AutoDXT, 2048X2048)
[2019.09.03-14.54.16:622][147]LogTexture: Display: 텍스처 빌드: T_FieldGrass_01_D (AutoDXT, 1024X1024)
[2019.09.03-14.54.16:622][147]LogStaticMesh: BogMyrtleBush_01 스태틱 메시 빌드중...
[2019.09.03-14.54.19:751][147]LogTexture: Display: 텍스처 빌드: T_Ground_Grass_N (BC5, 2048X2048)
[2019.09.03-14.54.19:751][147]LogStaticMesh: Built static mesh [3.32s] /Game/KiteDemo/Environments/Foliage/BogMyrtleBush_01/BogMyrtleBush_01.BogMyrtleBush_01
[2019.09.03-14.54.20:619][147]LogTexture: Display: 텍스처 빌드: T_MacroVariation (AutoDXT, 2048X2048)
[2019.09.03-14.54.20:620][147]LogTexture: Display: 텍스처 빌드: T_Yarrow_M (AutoDXT, 2048X2048)
[2019.09.03-14.54.21:989][147]LogStaticMesh: BogMyrtleBush_02 스태틱 메시 빌드중...
[2019.09.03-14.54.24:643][147]LogStaticMesh: Built static mesh [2.67s] /Game/KiteDemo/Environments/Foliage/BogMyrtleBush_02/BogMyrtleBush_02.BogMyrtleBush_02
[2019.09.03-14.54.30:311][147]LogStaticMesh: HillTree_02 스태틱 메시 빌드중...
